生成启动时间为 2015/11/29 10:44:56。
     1>项目“C:\Users\NListen\Documents\Visual Studio 2012\Projects\StarCascade\PART_MODEL_V6\PART_MODEL_V6\PART_MODEL_V6.vcxproj”在节点 2 上(Build 个目标)。
     1>ClCompile:
         F:\software\Visual Studio\VC\bin\x86_amd64\CL.exe /c /Zi /nologo /W3 /WX- /O2 /Oi /GL /D WIN32 /D NDEBUG /D _CONSOLE /D _UNICODE /D UNICODE /Gm- /EHsc /MD /GS /Gy /fp:precise /Zc:wchar_t /Zc:forScope /Fo"x64\Release\\" /Fd"x64\Release\vc110.pdb" /Gd /TP /errorReport:prompt "yuStdDirFiles_标准库目录操作.cpp"
         yuStdDirFiles_标准库目录操作.cpp
     1>yuStdDirFiles_标准库目录操作.cpp(44): warning C4244: “初始化”: 从“intptr_t”转换到“long”，可能丢失数据
     1>yuStdDirFiles_标准库目录操作.cpp(69): warning C4267: “初始化”: 从“size_t”转换到“int”，可能丢失数据
     1>yuStdDirFiles_标准库目录操作.cpp(116): warning C4267: “初始化”: 从“size_t”转换到“unsigned int”，可能丢失数据
     1>yuStdDirFiles_标准库目录操作.cpp(127): warning C4267: “初始化”: 从“size_t”转换到“unsigned int”，可能丢失数据
     1>yuStdDirFiles_标准库目录操作.cpp(140): warning C4267: “初始化”: 从“size_t”转换到“int”，可能丢失数据
     1>yuStdDirFiles_标准库目录操作.cpp(198): warning C4996: 'fopen': This function or variable may be unsafe. Consider using fopen_s instead. To disable deprecation, use _CRT_SECURE_NO_WARNINGS. See online help for details.
                 F:\software\Visual Studio\VC\include\stdio.h(218) : 参见“fopen”的声明
     1>yuStdDirFiles_标准库目录操作.cpp(199): warning C4996: 'fopen': This function or variable may be unsafe. Consider using fopen_s instead. To disable deprecation, use _CRT_SECURE_NO_WARNINGS. See online help for details.
                 F:\software\Visual Studio\VC\include\stdio.h(218) : 参见“fopen”的声明
       Link:
         F:\software\Visual Studio\VC\bin\x86_amd64\link.exe /ERRORREPORT:PROMPT /OUT:"C:\Users\NListen\Documents\Visual Studio 2012\Projects\StarCascade\PART_MODEL_V6\x64\Release\PART_MODEL_V6.exe" /INCREMENTAL:NO /NOLOGO opencv_objdetect2410.lib opencv_ts2410.lib opencv_video2410.lib opencv_nonfree2410.lib opencv_ocl2410.lib opencv_photo2410.lib opencv_stitching2410.lib opencv_superres2410.lib opencv_videostab2410.lib opencv_calib3d2410.lib opencv_contrib2410.lib opencv_core2410.lib opencv_features2d2410.lib opencv_flann2410.lib opencv_gpu2410.lib opencv_highgui2410.lib opencv_imgproc2410.lib opencv_legacy2410.lib opencv_ml2410.lib opencv_objdetect2410.lib opencv_ts2410.lib opencv_video2410.lib opencv_nonfree2410.lib opencv_ocl2410.lib opencv_photo2410.lib opencv_stitching2410.lib opencv_superres2410.lib opencv_videostab2410.lib opencv_calib3d2410.lib opencv_contrib2410.lib opencv_core2410.lib opencv_features2d2410.lib opencv_flann2410.lib opencv_gpu2410.lib opencv_highgui2410.lib opencv_imgproc2410.lib opencv_legacy2410.lib opencv_ml2410.lib kernel32.lib user32.lib gdi32.lib winspool.lib comdlg32.lib advapi32.lib shell32.lib ole32.lib oleaut32.lib uuid.lib odbc32.lib odbccp32.lib /MANIFEST /MANIFESTUAC:"level='asInvoker' uiAccess='false'" /manifest:embed /DEBUG /PDB:"C:\Users\NListen\Documents\Visual Studio 2012\Projects\StarCascade\PART_MODEL_V6\x64\Release\PART_MODEL_V6.pdb" /SUBSYSTEM:CONSOLE /OPT:REF /OPT:ICF /LTCG /TLBID:1 /DYNAMICBASE /NXCOMPAT /IMPLIB:"C:\Users\NListen\Documents\Visual Studio 2012\Projects\StarCascade\PART_MODEL_V6\x64\Release\PART_MODEL_V6.lib" /MACHINE:X64 x64\Release\featpyramid2.obj
         x64\Release\features2.obj
         x64\Release\resize.obj
         x64\Release\PM_dem.obj
         x64\Release\PMCascade.obj
         x64\Release\commonCvFun.obj
         x64\Release\fconv.obj
         x64\Release\fconv_SSE.obj
         x64\Release\featpyramid.obj
         x64\Release\features.obj
         x64\Release\loadCscModel.obj
         x64\Release\loadPyramid.obj
         x64\Release\loc_feat.obj
         x64\Release\project.obj
         x64\Release\project_pyramid.obj
         x64\Release\bboxpred_get.obj
         x64\Release\bboxpred_input.obj
         x64\Release\clipboxes.obj
         x64\Release\getboxes.obj
         x64\Release\nms.obj
         x64\Release\showboxes.obj
         x64\Release\PartModel_main.obj
         "x64\Release\yuStdDirFiles_标准库目录操作.obj"
     1>opencv_core2410.lib(opencv_core2410.dll) : fatal error LNK1112: 模块计算机类型“X86”与目标计算机类型“x64”冲突
     1>已完成生成项目“C:\Users\NListen\Documents\Visual Studio 2012\Projects\StarCascade\PART_MODEL_V6\PART_MODEL_V6\PART_MODEL_V6.vcxproj”(Build 个目标)的操作 - 失败。

生成失败。

已用时间 00:00:06.51
